<?xml version="1.0" encoding="UTF-8"?>
<testng-results ignored="0" total="2" passed="2" failed="0" skipped="0">
  <reporter-output>
  </reporter-output>
  <suite started-at="2022-07-10T19:24:47 IST" name="Default suite" finished-at="2022-07-10T19:24:56 IST" duration-ms="9377">
    <groups>
    </groups>
    <test started-at="2022-07-10T19:24:47 IST" name="Default test" finished-at="2022-07-10T19:24:56 IST" duration-ms="9377">
      <class name="TestCases.SignUp_Test">
        <test-method is-config="true" signature="beforeTest()[pri:0, instance:TestCases.SignUp_Test@2053d869]" started-at="2022-07-10T19:24:47 IST" name="beforeTest" finished-at="2022-07-10T19:24:52 IST" duration-ms="5225" status="PASS">
          <reporter-output>
          </reporter-output>
        </test-method> <!-- beforeTest -->
        <test-method signature="signup()[pri:3, instance:TestCases.SignUp_Test@2053d869]" started-at="2022-07-10T19:24:52 IST" name="signup" finished-at="2022-07-10T19:24:54 IST" duration-ms="2162" status="PASS">
          <reporter-output>
          </reporter-output>
        </test-method> <!-- signup -->
        <test-method signature="contiune()[pri:4, instance:TestCases.SignUp_Test@2053d869]" started-at="2022-07-10T19:24:54 IST" name="contiune" finished-at="2022-07-10T19:24:56 IST" duration-ms="1504" status="PASS">
          <reporter-output>
          </reporter-output>
        </test-method> <!-- contiune -->
        <test-method is-config="true" signature="afterTest()[pri:0, instance:TestCases.SignUp_Test@2053d869]" started-at="2022-07-10T19:24:56 IST" name="afterTest" finished-at="2022-07-10T19:24:56 IST" duration-ms="419" status="PASS">
          <reporter-output>
          </reporter-output>
        </test-method> <!-- afterTest -->
      </class> <!-- TestCases.SignUp_Test -->
    </test> <!-- Default test -->
  </suite> <!-- Default suite -->
</testng-results>
